{"/Users/gus/proyectos/mobile-apps/MayWeather/components/LocationAutocomplete.tsx": {"path":"/Users/gus/proyectos/mobile-apps/MayWeather/components/LocationAutocomplete.tsx","statementMap":{"0":{"start":{"line":27,"column":6},"end":{"line":27,"column":47}},"1":{"start":{"line":29,"column":2},"end":{"line":54,"column":4}}},"fnMap":{"0":{"name":"LocationAutocomplete","decl":{"start":{"line":13,"column":24},"end":{"line":13,"column":44}},"loc":{"start":{"line":16,"column":10},"end":{"line":55,"column":1}},"line":16}},"branchMap":{"0":{"loc":{"start":{"line":39,"column":7},"end":{"line":47,"column":7}},"type":"binary-expr","locations":[{"start":{"line":39,"column":7},"end":{"line":39,"column":22}},{"start":{"line":40,"column":8},"end":{"line":46,"column":10}}],"line":39},"1":{"loc":{"start":{"line":48,"column":7},"end":{"line":52,"column":7}},"type":"binary-expr","locations":[{"start":{"line":48,"column":8},"end":{"line":48,"column":19}},{"start":{"line":48,"column":23},"end":{"line":48,"column":30}},{"start":{"line":49,"column":8},"end":{"line":51,"column":21}}],"line":48}},"s":{"0":9,"1":9},"f":{"0":9},"b":{"0":[9,1],"1":[9,9,2]},"_coverageSchema":"1a1c01bbd47fc00a2c39e90264f33305004495a9","hash":"05422c81164dcf91d282c316ea14bf256b23fe0a"}
,"/Users/gus/proyectos/mobile-apps/MayWeather/components/SearchInput.tsx": {"path":"/Users/gus/proyectos/mobile-apps/MayWeather/components/SearchInput.tsx","statementMap":{"0":{"start":{"line":15,"column":2},"end":{"line":33,"column":4}},"1":{"start":{"line":28,"column":41},"end":{"line":28,"column":53}},"2":{"start":{"line":36,"column":15},"end":{"line":59,"column":2}}},"fnMap":{"0":{"name":"SearchInput","decl":{"start":{"line":14,"column":16},"end":{"line":14,"column":27}},"loc":{"start":{"line":14,"column":82},"end":{"line":34,"column":1}},"line":14},"1":{"name":"(anonymous_1)","decl":{"start":{"line":28,"column":35},"end":{"line":28,"column":36}},"loc":{"start":{"line":28,"column":41},"end":{"line":28,"column":53}},"line":28}},"branchMap":{"0":{"loc":{"start":{"line":27,"column":7},"end":{"line":31,"column":7}},"type":"binary-expr","locations":[{"start":{"line":27,"column":7},"end":{"line":27,"column":23}},{"start":{"line":28,"column":8},"end":{"line":30,"column":27}}],"line":27}},"s":{"0":9,"1":0,"2":1},"f":{"0":9,"1":0},"b":{"0":[9,2]},"_coverageSchema":"1a1c01bbd47fc00a2c39e90264f33305004495a9","hash":"d780356c43b78941bf2226ba4b61e0fc31ebca28"}
,"/Users/gus/proyectos/mobile-apps/MayWeather/components/SuggestionList.tsx": {"path":"/Users/gus/proyectos/mobile-apps/MayWeather/components/SuggestionList.tsx","statementMap":{"0":{"start":{"line":31,"column":2},"end":{"line":98,"column":4}},"1":{"start":{"line":41,"column":16},"end":{"line":56,"column":35}},"2":{"start":{"line":45,"column":20},"end":{"line":45,"column":40}},"3":{"start":{"line":67,"column":16},"end":{"line":91,"column":18}},"4":{"start":{"line":72,"column":22},"end":{"line":72,"column":46}},"5":{"start":{"line":101,"column":15},"end":{"line":138,"column":2}}},"fnMap":{"0":{"name":"SuggestionList","decl":{"start":{"line":24,"column":16},"end":{"line":24,"column":30}},"loc":{"start":{"line":30,"column":10},"end":{"line":99,"column":1}},"line":30},"1":{"name":"(anonymous_1)","decl":{"start":{"line":40,"column":33},"end":{"line":40,"column":34}},"loc":{"start":{"line":41,"column":16},"end":{"line":56,"column":35}},"line":41},"2":{"name":"(anonymous_2)","decl":{"start":{"line":44,"column":27},"end":{"line":44,"column":28}},"loc":{"start":{"line":44,"column":33},"end":{"line":46,"column":19}},"line":44},"3":{"name":"(anonymous_3)","decl":{"start":{"line":66,"column":31},"end":{"line":66,"column":32}},"loc":{"start":{"line":66,"column":45},"end":{"line":92,"column":15}},"line":66},"4":{"name":"(anonymous_4)","decl":{"start":{"line":71,"column":29},"end":{"line":71,"column":30}},"loc":{"start":{"line":71,"column":35},"end":{"line":73,"column":21}},"line":71}},"branchMap":{"0":{"loc":{"start":{"line":33,"column":7},"end":{"line":96,"column":7}},"type":"binary-expr","locations":[{"start":{"line":33,"column":7},"end":{"line":33,"column":22}},{"start":{"line":34,"column":8},"end":{"line":95,"column":21}}],"line":33},"1":{"loc":{"start":{"line":35,"column":11},"end":{"line":59,"column":11}},"type":"binary-expr","locations":[{"start":{"line":35,"column":11},"end":{"line":35,"column":17}},{"start":{"line":35,"column":21},"end":{"line":35,"column":45}},{"start":{"line":36,"column":12},"end":{"line":58,"column":29}}],"line":35},"2":{"loc":{"start":{"line":61,"column":11},"end":{"line":94,"column":11}},"type":"binary-expr","locations":[{"start":{"line":61,"column":11},"end":{"line":61,"column":33}},{"start":{"line":62,"column":12},"end":{"line":93,"column":29}}],"line":61},"3":{"loc":{"start":{"line":63,"column":15},"end":{"line":65,"column":15}},"type":"binary-expr","locations":[{"start":{"line":63,"column":15},"end":{"line":63,"column":21}},{"start":{"line":64,"column":16},"end":{"line":64,"column":80}}],"line":63},"4":{"loc":{"start":{"line":85,"column":26},"end":{"line":85,"column":59}},"type":"binary-expr","locations":[{"start":{"line":85,"column":26},"end":{"line":85,"column":40}},{"start":{"line":85,"column":44},"end":{"line":85,"column":59}}],"line":85}},"s":{"0":1,"1":2,"2":0,"3":0,"4":0,"5":1},"f":{"0":1,"1":2,"2":0,"3":0,"4":0},"b":{"0":[1,1],"1":[1,1,1],"2":[1,0],"3":[0,0],"4":[0,0]},"_coverageSchema":"1a1c01bbd47fc00a2c39e90264f33305004495a9","hash":"68784e45ad14686f7063aea1652456c43c6fef83"}
,"/Users/gus/proyectos/mobile-apps/MayWeather/components/ThemedText.tsx": {"path":"/Users/gus/proyectos/mobile-apps/MayWeather/components/ThemedText.tsx","statementMap":{"0":{"start":{"line":17,"column":21},"end":{"line":17,"column":31}},"1":{"start":{"line":19,"column":2},"end":{"line":30,"column":4}},"2":{"start":{"line":33,"column":15},"end":{"line":58,"column":2}}},"fnMap":{"0":{"name":"ThemedText","decl":{"start":{"line":10,"column":16},"end":{"line":10,"column":26}},"loc":{"start":{"line":16,"column":20},"end":{"line":31,"column":1}},"line":16}},"branchMap":{"0":{"loc":{"start":{"line":12,"column":2},"end":{"line":12,"column":18}},"type":"default-arg","locations":[{"start":{"line":12,"column":9},"end":{"line":12,"column":18}}],"line":12},"1":{"loc":{"start":{"line":24,"column":17},"end":{"line":24,"column":42}},"type":"binary-expr","locations":[{"start":{"line":24,"column":17},"end":{"line":24,"column":27}},{"start":{"line":24,"column":31},"end":{"line":24,"column":42}}],"line":24}},"s":{"0":19,"1":19,"2":3},"f":{"0":19},"b":{"0":[9],"1":[19,18]},"_coverageSchema":"1a1c01bbd47fc00a2c39e90264f33305004495a9","hash":"b1c8d05dc19cebaa36475344b66a1212b5314a01"}
,"/Users/gus/proyectos/mobile-apps/MayWeather/components/ThemedView.tsx": {"path":"/Users/gus/proyectos/mobile-apps/MayWeather/components/ThemedView.tsx","statementMap":{"0":{"start":{"line":18,"column":21},"end":{"line":18,"column":31}},"1":{"start":{"line":19,"column":23},"end":{"line":19,"column":35}},"2":{"start":{"line":21,"column":2},"end":{"line":35,"column":4}}},"fnMap":{"0":{"name":"ThemedView","decl":{"start":{"line":11,"column":16},"end":{"line":11,"column":26}},"loc":{"start":{"line":17,"column":20},"end":{"line":36,"column":1}},"line":17}},"branchMap":{"0":{"loc":{"start":{"line":15,"column":2},"end":{"line":15,"column":21}},"type":"default-arg","locations":[{"start":{"line":15,"column":16},"end":{"line":15,"column":21}}],"line":15},"1":{"loc":{"start":{"line":25,"column":27},"end":{"line":29,"column":47}},"type":"cond-expr","locations":[{"start":{"line":26,"column":14},"end":{"line":26,"column":27}},{"start":{"line":27,"column":15},"end":{"line":29,"column":46}}],"line":25},"2":{"loc":{"start":{"line":27,"column":15},"end":{"line":29,"column":46}},"type":"cond-expr","locations":[{"start":{"line":28,"column":18},"end":{"line":28,"column":24}},{"start":{"line":29,"column":18},"end":{"line":29,"column":46}}],"line":27},"3":{"loc":{"start":{"line":27,"column":15},"end":{"line":27,"column":42}},"type":"binary-expr","locations":[{"start":{"line":27,"column":15},"end":{"line":27,"column":21}},{"start":{"line":27,"column":25},"end":{"line":27,"column":42}}],"line":27},"4":{"loc":{"start":{"line":29,"column":18},"end":{"line":29,"column":46}},"type":"binary-expr","locations":[{"start":{"line":29,"column":18},"end":{"line":29,"column":25}},{"start":{"line":29,"column":29},"end":{"line":29,"column":46}}],"line":29}},"s":{"0":30,"1":30,"2":30},"f":{"0":30},"b":{"0":[29],"1":[1,29],"2":[0,29],"3":[29,1],"4":[29,28]},"_coverageSchema":"1a1c01bbd47fc00a2c39e90264f33305004495a9","hash":"2a99154ba373b96862dd8ca65af924d0503653b8"}
,"/Users/gus/proyectos/mobile-apps/MayWeather/components/WeatherDetails.tsx": {"path":"/Users/gus/proyectos/mobile-apps/MayWeather/components/WeatherDetails.tsx","statementMap":{"0":{"start":{"line":15,"column":23},"end":{"line":15,"column":35}},"1":{"start":{"line":16,"column":20},"end":{"line":16,"column":76}},"2":{"start":{"line":18,"column":2},"end":{"line":30,"column":4}},"3":{"start":{"line":33,"column":15},"end":{"line":44,"column":2}}},"fnMap":{"0":{"name":"WeatherDetails","decl":{"start":{"line":14,"column":16},"end":{"line":14,"column":30}},"loc":{"start":{"line":14,"column":63},"end":{"line":31,"column":1}},"line":14}},"branchMap":{"0":{"loc":{"start":{"line":16,"column":20},"end":{"line":16,"column":76}},"type":"cond-expr","locations":[{"start":{"line":16,"column":40},"end":{"line":16,"column":56}},{"start":{"line":16,"column":59},"end":{"line":16,"column":76}}],"line":16}},"s":{"0":2,"1":2,"2":2,"3":1},"f":{"0":2},"b":{"0":[0,2]},"_coverageSchema":"1a1c01bbd47fc00a2c39e90264f33305004495a9","hash":"c7961ddfa59c5785b23d076f812408466a8b0d32"}
,"/Users/gus/proyectos/mobile-apps/MayWeather/components/WeatherDisplay.tsx": {"path":"/Users/gus/proyectos/mobile-apps/MayWeather/components/WeatherDisplay.tsx","statementMap":{"0":{"start":{"line":15,"column":2},"end":{"line":26,"column":4}},"1":{"start":{"line":29,"column":15},"end":{"line":39,"column":2}}},"fnMap":{"0":{"name":"WeatherDisplay","decl":{"start":{"line":14,"column":24},"end":{"line":14,"column":38}},"loc":{"start":{"line":14,"column":56},"end":{"line":27,"column":1}},"line":14}},"branchMap":{},"s":{"0":2,"1":1},"f":{"0":2},"b":{},"_coverageSchema":"1a1c01bbd47fc00a2c39e90264f33305004495a9","hash":"44bf0166df6f76c31b4056cfa4812f39fcf388c5"}
,"/Users/gus/proyectos/mobile-apps/MayWeather/components/WeatherHeader.tsx": {"path":"/Users/gus/proyectos/mobile-apps/MayWeather/components/WeatherHeader.tsx","statementMap":{"0":{"start":{"line":16,"column":23},"end":{"line":16,"column":35}},"1":{"start":{"line":18,"column":2},"end":{"line":29,"column":4}},"2":{"start":{"line":32,"column":15},"end":{"line":38,"column":2}}},"fnMap":{"0":{"name":"WeatherHeader","decl":{"start":{"line":15,"column":16},"end":{"line":15,"column":29}},"loc":{"start":{"line":15,"column":63},"end":{"line":30,"column":1}},"line":15}},"branchMap":{"0":{"loc":{"start":{"line":26,"column":15},"end":{"line":26,"column":71}},"type":"cond-expr","locations":[{"start":{"line":26,"column":35},"end":{"line":26,"column":51}},{"start":{"line":26,"column":54},"end":{"line":26,"column":71}}],"line":26}},"s":{"0":2,"1":2,"2":1},"f":{"0":2},"b":{"0":[0,2]},"_coverageSchema":"1a1c01bbd47fc00a2c39e90264f33305004495a9","hash":"1fc17b2d2b916438bbe0c56c2b5539f32622679a"}
,"/Users/gus/proyectos/mobile-apps/MayWeather/components/WeatherTemperature.tsx": {"path":"/Users/gus/proyectos/mobile-apps/MayWeather/components/WeatherTemperature.tsx","statementMap":{"0":{"start":{"line":11,"column":23},"end":{"line":11,"column":35}},"1":{"start":{"line":12,"column":24},"end":{"line":12,"column":79}},"2":{"start":{"line":13,"column":15},"end":{"line":13,"column":51}},"3":{"start":{"line":15,"column":2},"end":{"line":20,"column":4}}},"fnMap":{"0":{"name":"WeatherTemperature","decl":{"start":{"line":10,"column":16},"end":{"line":10,"column":34}},"loc":{"start":{"line":10,"column":59},"end":{"line":21,"column":1}},"line":10}},"branchMap":{"0":{"loc":{"start":{"line":13,"column":15},"end":{"line":13,"column":51}},"type":"cond-expr","locations":[{"start":{"line":13,"column":40},"end":{"line":13,"column":44}},{"start":{"line":13,"column":47},"end":{"line":13,"column":51}}],"line":13}},"s":{"0":2,"1":2,"2":2,"3":2},"f":{"0":2},"b":{"0":[1,1]},"_coverageSchema":"1a1c01bbd47fc00a2c39e90264f33305004495a9","hash":"5a8156d627ec9874002a8749a42ce56e52c1450f"}
,"/Users/gus/proyectos/mobile-apps/MayWeather/config/keys.ts": {"path":"/Users/gus/proyectos/mobile-apps/MayWeather/config/keys.ts","statementMap":{"0":{"start":{"line":1,"column":35},"end":{"line":1,"column":69}},"1":{"start":{"line":2,"column":30},"end":{"line":2,"column":62}}},"fnMap":{},"branchMap":{},"s":{"0":4,"1":4},"f":{},"b":{},"_coverageSchema":"1a1c01bbd47fc00a2c39e90264f33305004495a9","hash":"2c2d3ef0b50a09e5204dc03ad4a244524c1e99b6"}
,"/Users/gus/proyectos/mobile-apps/MayWeather/context/WeatherContext.tsx": {"path":"/Users/gus/proyectos/mobile-apps/MayWeather/context/WeatherContext.tsx","statementMap":{"0":{"start":{"line":43,"column":42},"end":{"line":49,"column":1}},"1":{"start":{"line":51,"column":30},"end":{"line":53,"column":1}},"2":{"start":{"line":56,"column":28},"end":{"line":65,"column":4}},"3":{"start":{"line":67,"column":2},"end":{"line":94,"column":9}},"4":{"start":{"line":68,"column":26},"end":{"line":91,"column":5}},"5":{"start":{"line":69,"column":6},"end":{"line":90,"column":7}},"6":{"start":{"line":70,"column":61},"end":{"line":74,"column":10}},"7":{"start":{"line":76,"column":8},"end":{"line":86,"column":12}},"8":{"start":{"line":76,"column":31},"end":{"line":86,"column":9}},"9":{"start":{"line":88,"column":8},"end":{"line":88,"column":58}},"10":{"start":{"line":89,"column":8},"end":{"line":89,"column":67}},"11":{"start":{"line":89,"column":31},"end":{"line":89,"column":64}},"12":{"start":{"line":93,"column":4},"end":{"line":93,"column":20}},"13":{"start":{"line":96,"column":30},"end":{"line":125,"column":3}},"14":{"start":{"line":99,"column":8},"end":{"line":101,"column":35}},"15":{"start":{"line":103,"column":6},"end":{"line":110,"column":10}},"16":{"start":{"line":103,"column":29},"end":{"line":110,"column":7}},"17":{"start":{"line":112,"column":6},"end":{"line":118,"column":8}},"18":{"start":{"line":120,"column":6},"end":{"line":122,"column":7}},"19":{"start":{"line":121,"column":8},"end":{"line":121,"column":47}},"20":{"start":{"line":127,"column":25},"end":{"line":134,"column":3}},"21":{"start":{"line":128,"column":28},"end":{"line":128,"column":65}},"22":{"start":{"line":129,"column":4},"end":{"line":129,"column":71}},"23":{"start":{"line":129,"column":27},"end":{"line":129,"column":68}},"24":{"start":{"line":130,"column":4},"end":{"line":133,"column":6}},"25":{"start":{"line":136,"column":23},"end":{"line":157,"column":3}},"26":{"start":{"line":137,"column":27},"end":{"line":140,"column":5}},"27":{"start":{"line":142,"column":27},"end":{"line":145,"column":17}},"28":{"start":{"line":144,"column":46},"end":{"line":144,"column":68}},"29":{"start":{"line":147,"column":4},"end":{"line":151,"column":8}},"30":{"start":{"line":147,"column":27},"end":{"line":151,"column":5}},"31":{"start":{"line":153,"column":4},"end":{"line":156,"column":7}},"32":{"start":{"line":159,"column":23},"end":{"line":175,"column":3}},"33":{"start":{"line":160,"column":4},"end":{"line":160,"column":74}},"34":{"start":{"line":160,"column":27},"end":{"line":160,"column":71}},"35":{"start":{"line":162,"column":4},"end":{"line":174,"column":5}},"36":{"start":{"line":163,"column":19},"end":{"line":163,"column":68}},"37":{"start":{"line":164,"column":6},"end":{"line":164,"column":65}},"38":{"start":{"line":164,"column":29},"end":{"line":164,"column":62}},"39":{"start":{"line":165,"column":6},"end":{"line":165,"column":35}},"40":{"start":{"line":167,"column":6},"end":{"line":170,"column":10}},"41":{"start":{"line":167,"column":29},"end":{"line":170,"column":7}},"42":{"start":{"line":171,"column":6},"end":{"line":171,"column":54}},"43":{"start":{"line":173,"column":6},"end":{"line":173,"column":64}},"44":{"start":{"line":173,"column":29},"end":{"line":173,"column":61}},"45":{"start":{"line":177,"column":36},"end":{"line":189,"column":3}},"46":{"start":{"line":191,"column":2},"end":{"line":193,"column":3}},"47":{"start":{"line":192,"column":4},"end":{"line":192,"column":16}},"48":{"start":{"line":195,"column":2},"end":{"line":197,"column":4}},"49":{"start":{"line":201,"column":18},"end":{"line":201,"column":44}},"50":{"start":{"line":202,"column":2},"end":{"line":204,"column":3}},"51":{"start":{"line":203,"column":4},"end":{"line":203,"column":72}},"52":{"start":{"line":205,"column":2},"end":{"line":205,"column":17}}},"fnMap":{"0":{"name":"WeatherProvider","decl":{"start":{"line":55,"column":16},"end":{"line":55,"column":31}},"loc":{"start":{"line":55,"column":77},"end":{"line":198,"column":1}},"line":55},"1":{"name":"(anonymous_1)","decl":{"start":{"line":67,"column":12},"end":{"line":67,"column":13}},"loc":{"start":{"line":67,"column":18},"end":{"line":94,"column":3}},"line":67},"2":{"name":"(anonymous_2)","decl":{"start":{"line":68,"column":26},"end":{"line":68,"column":27}},"loc":{"start":{"line":68,"column":38},"end":{"line":91,"column":5}},"line":68},"3":{"name":"(anonymous_3)","decl":{"start":{"line":76,"column":17},"end":{"line":76,"column":18}},"loc":{"start":{"line":76,"column":31},"end":{"line":86,"column":9}},"line":76},"4":{"name":"(anonymous_4)","decl":{"start":{"line":89,"column":17},"end":{"line":89,"column":18}},"loc":{"start":{"line":89,"column":31},"end":{"line":89,"column":64}},"line":89},"5":{"name":"(anonymous_5)","decl":{"start":{"line":97,"column":4},"end":{"line":97,"column":5}},"loc":{"start":{"line":97,"column":58},"end":{"line":123,"column":5}},"line":97},"6":{"name":"(anonymous_6)","decl":{"start":{"line":103,"column":15},"end":{"line":103,"column":16}},"loc":{"start":{"line":103,"column":29},"end":{"line":110,"column":7}},"line":103},"7":{"name":"(anonymous_7)","decl":{"start":{"line":127,"column":25},"end":{"line":127,"column":26}},"loc":{"start":{"line":127,"column":74},"end":{"line":134,"column":3}},"line":127},"8":{"name":"(anonymous_8)","decl":{"start":{"line":129,"column":13},"end":{"line":129,"column":14}},"loc":{"start":{"line":129,"column":27},"end":{"line":129,"column":68}},"line":129},"9":{"name":"(anonymous_9)","decl":{"start":{"line":136,"column":23},"end":{"line":136,"column":24}},"loc":{"start":{"line":136,"column":51},"end":{"line":157,"column":3}},"line":136},"10":{"name":"(anonymous_10)","decl":{"start":{"line":144,"column":36},"end":{"line":144,"column":37}},"loc":{"start":{"line":144,"column":46},"end":{"line":144,"column":68}},"line":144},"11":{"name":"(anonymous_11)","decl":{"start":{"line":147,"column":13},"end":{"line":147,"column":14}},"loc":{"start":{"line":147,"column":27},"end":{"line":151,"column":5}},"line":147},"12":{"name":"(anonymous_12)","decl":{"start":{"line":159,"column":23},"end":{"line":159,"column":24}},"loc":{"start":{"line":159,"column":51},"end":{"line":175,"column":3}},"line":159},"13":{"name":"(anonymous_13)","decl":{"start":{"line":160,"column":13},"end":{"line":160,"column":14}},"loc":{"start":{"line":160,"column":27},"end":{"line":160,"column":71}},"line":160},"14":{"name":"(anonymous_14)","decl":{"start":{"line":164,"column":15},"end":{"line":164,"column":16}},"loc":{"start":{"line":164,"column":29},"end":{"line":164,"column":62}},"line":164},"15":{"name":"(anonymous_15)","decl":{"start":{"line":167,"column":15},"end":{"line":167,"column":16}},"loc":{"start":{"line":167,"column":29},"end":{"line":170,"column":7}},"line":167},"16":{"name":"(anonymous_16)","decl":{"start":{"line":173,"column":15},"end":{"line":173,"column":16}},"loc":{"start":{"line":173,"column":29},"end":{"line":173,"column":61}},"line":173},"17":{"name":"useWeather","decl":{"start":{"line":200,"column":16},"end":{"line":200,"column":26}},"loc":{"start":{"line":200,"column":29},"end":{"line":206,"column":1}},"line":200}},"branchMap":{"0":{"loc":{"start":{"line":79,"column":20},"end":{"line":81,"column":30}},"type":"cond-expr","locations":[{"start":{"line":80,"column":14},"end":{"line":80,"column":39}},{"start":{"line":81,"column":14},"end":{"line":81,"column":30}}],"line":79},"1":{"loc":{"start":{"line":82,"column":25},"end":{"line":84,"column":35}},"type":"cond-expr","locations":[{"start":{"line":83,"column":14},"end":{"line":83,"column":38}},{"start":{"line":84,"column":14},"end":{"line":84,"column":35}}],"line":82},"2":{"loc":{"start":{"line":85,"column":24},"end":{"line":85,"column":61}},"type":"binary-expr","locations":[{"start":{"line":85,"column":24},"end":{"line":85,"column":37}},{"start":{"line":85,"column":41},"end":{"line":85,"column":61}}],"line":85},"3":{"loc":{"start":{"line":99,"column":8},"end":{"line":101,"column":35}},"type":"cond-expr","locations":[{"start":{"line":100,"column":12},"end":{"line":100,"column":39}},{"start":{"line":101,"column":12},"end":{"line":101,"column":35}}],"line":99},"4":{"loc":{"start":{"line":120,"column":6},"end":{"line":122,"column":7}},"type":"if","locations":[{"start":{"line":120,"column":6},"end":{"line":122,"column":7}},{"start":{},"end":{}}],"line":120},"5":{"loc":{"start":{"line":120,"column":10},"end":{"line":120,"column":49}},"type":"binary-expr","locations":[{"start":{"line":120,"column":10},"end":{"line":120,"column":28}},{"start":{"line":120,"column":32},"end":{"line":120,"column":49}}],"line":120},"6":{"loc":{"start":{"line":191,"column":2},"end":{"line":193,"column":3}},"type":"if","locations":[{"start":{"line":191,"column":2},"end":{"line":193,"column":3}},{"start":{},"end":{}}],"line":191},"7":{"loc":{"start":{"line":202,"column":2},"end":{"line":204,"column":3}},"type":"if","locations":[{"start":{"line":202,"column":2},"end":{"line":204,"column":3}},{"start":{},"end":{}}],"line":202}},"s":{"0":4,"1":4,"2":0,"3":0,"4":0,"5":0,"6":0,"7":0,"8":0,"9":0,"10":0,"11":0,"12":0,"13":0,"14":0,"15":0,"16":0,"17":0,"18":0,"19":0,"20":0,"21":0,"22":0,"23":0,"24":0,"25":0,"26":0,"27":0,"28":0,"29":0,"30":0,"31":0,"32":0,"33":0,"34":0,"35":0,"36":0,"37":0,"38":0,"39":0,"40":0,"41":0,"42":0,"43":0,"44":0,"45":0,"46":0,"47":0,"48":0,"49":5,"50":5,"51":0,"52":5},"f":{"0":0,"1":0,"2":0,"3":0,"4":0,"5":0,"6":0,"7":0,"8":0,"9":0,"10":0,"11":0,"12":0,"13":0,"14":0,"15":0,"16":0,"17":5},"b":{"0":[0,0],"1":[0,0],"2":[0,0],"3":[0,0],"4":[0,0],"5":[0,0],"6":[0,0],"7":[0,5]},"_coverageSchema":"1a1c01bbd47fc00a2c39e90264f33305004495a9","hash":"5f72e25bccb038169ae97ea34eaeb3685f48a94c"}
,"/Users/gus/proyectos/mobile-apps/MayWeather/hooks/useLocationAutocomplete.ts": {"path":"/Users/gus/proyectos/mobile-apps/MayWeather/hooks/useLocationAutocomplete.ts","statementMap":{"0":{"start":{"line":9,"column":44},"end":{"line":9,"column":56}},"1":{"start":{"line":10,"column":28},"end":{"line":10,"column":40}},"2":{"start":{"line":11,"column":40},"end":{"line":11,"column":64}},"3":{"start":{"line":12,"column":40},"end":{"line":12,"column":55}},"4":{"start":{"line":13,"column":48},"end":{"line":13,"column":63}},"5":{"start":{"line":14,"column":36},"end":{"line":14,"column":51}},"6":{"start":{"line":16,"column":26},"end":{"line":35,"column":3}},"7":{"start":{"line":18,"column":6},"end":{"line":21,"column":7}},"8":{"start":{"line":19,"column":8},"end":{"line":19,"column":27}},"9":{"start":{"line":20,"column":8},"end":{"line":20,"column":15}},"10":{"start":{"line":23,"column":6},"end":{"line":32,"column":7}},"11":{"start":{"line":24,"column":8},"end":{"line":24,"column":29}},"12":{"start":{"line":25,"column":26},"end":{"line":25,"column":68}},"13":{"start":{"line":26,"column":8},"end":{"line":26,"column":34}},"14":{"start":{"line":28,"column":8},"end":{"line":28,"column":59}},"15":{"start":{"line":29,"column":8},"end":{"line":29,"column":27}},"16":{"start":{"line":31,"column":8},"end":{"line":31,"column":30}},"17":{"start":{"line":37,"column":2},"end":{"line":39,"column":14}},"18":{"start":{"line":38,"column":4},"end":{"line":38,"column":27}},"19":{"start":{"line":41,"column":23},"end":{"line":47,"column":3}},"20":{"start":{"line":42,"column":4},"end":{"line":42,"column":23}},"21":{"start":{"line":43,"column":4},"end":{"line":43,"column":23}},"22":{"start":{"line":44,"column":4},"end":{"line":44,"column":30}},"23":{"start":{"line":45,"column":4},"end":{"line":45,"column":24}},"24":{"start":{"line":46,"column":4},"end":{"line":46,"column":31}},"25":{"start":{"line":49,"column":2},"end":{"line":67,"column":4}},"26":{"start":{"line":56,"column":6},"end":{"line":56,"column":25}},"27":{"start":{"line":57,"column":6},"end":{"line":57,"column":31}},"28":{"start":{"line":60,"column":6},"end":{"line":63,"column":15}},"29":{"start":{"line":61,"column":8},"end":{"line":61,"column":28}},"30":{"start":{"line":62,"column":8},"end":{"line":62,"column":34}}},"fnMap":{"0":{"name":"useLocationAutocomplete","decl":{"start":{"line":6,"column":16},"end":{"line":6,"column":39}},"loc":{"start":{"line":8,"column":2},"end":{"line":68,"column":1}},"line":8},"1":{"name":"(anonymous_1)","decl":{"start":{"line":17,"column":4},"end":{"line":17,"column":5}},"loc":{"start":{"line":17,"column":28},"end":{"line":33,"column":5}},"line":17},"2":{"name":"(anonymous_2)","decl":{"start":{"line":37,"column":12},"end":{"line":37,"column":13}},"loc":{"start":{"line":37,"column":18},"end":{"line":39,"column":3}},"line":37},"3":{"name":"(anonymous_3)","decl":{"start":{"line":41,"column":23},"end":{"line":41,"column":24}},"loc":{"start":{"line":41,"column":45},"end":{"line":47,"column":3}},"line":41},"4":{"name":"(anonymous_4)","decl":{"start":{"line":55,"column":17},"end":{"line":55,"column":18}},"loc":{"start":{"line":55,"column":23},"end":{"line":58,"column":5}},"line":55},"5":{"name":"(anonymous_5)","decl":{"start":{"line":59,"column":16},"end":{"line":59,"column":17}},"loc":{"start":{"line":59,"column":22},"end":{"line":64,"column":5}},"line":59},"6":{"name":"(anonymous_6)","decl":{"start":{"line":60,"column":17},"end":{"line":60,"column":18}},"loc":{"start":{"line":60,"column":23},"end":{"line":63,"column":7}},"line":60}},"branchMap":{"0":{"loc":{"start":{"line":18,"column":6},"end":{"line":21,"column":7}},"type":"if","locations":[{"start":{"line":18,"column":6},"end":{"line":21,"column":7}},{"start":{},"end":{}}],"line":18},"1":{"loc":{"start":{"line":18,"column":10},"end":{"line":18,"column":36}},"type":"binary-expr","locations":[{"start":{"line":18,"column":10},"end":{"line":18,"column":22}},{"start":{"line":18,"column":26},"end":{"line":18,"column":36}}],"line":18},"2":{"loc":{"start":{"line":34,"column":4},"end":{"line":34,"column":40}},"type":"cond-expr","locations":[{"start":{"line":34,"column":33},"end":{"line":34,"column":34}},{"start":{"line":34,"column":37},"end":{"line":34,"column":40}}],"line":34}},"s":{"0":9,"1":9,"2":9,"3":9,"4":9,"5":9,"6":9,"7":5,"8":5,"9":5,"10":0,"11":0,"12":0,"13":0,"14":0,"15":0,"16":0,"17":9,"18":5,"19":9,"20":0,"21":0,"22":0,"23":0,"24":0,"25":9,"26":1,"27":1,"28":0,"29":0,"30":0},"f":{"0":9,"1":5,"2":5,"3":0,"4":1,"5":0,"6":0},"b":{"0":[5,0],"1":[5,1],"2":[9,0]},"_coverageSchema":"1a1c01bbd47fc00a2c39e90264f33305004495a9","hash":"c0f5da7ffe7056c3642c1d22b4d2726d7186c891"}
,"/Users/gus/proyectos/mobile-apps/MayWeather/services/weatherServices.ts": {"path":"/Users/gus/proyectos/mobile-apps/MayWeather/services/weatherServices.ts","statementMap":{"0":{"start":{"line":7,"column":7},"end":{"line":7,"column":23}},"1":{"start":{"line":8,"column":9},"end":{"line":8,"column":22}},"2":{"start":{"line":11,"column":4},"end":{"line":31,"column":5}},"3":{"start":{"line":12,"column":23},"end":{"line":14,"column":7}},"4":{"start":{"line":15,"column":6},"end":{"line":21,"column":8}},"5":{"start":{"line":23,"column":6},"end":{"line":26,"column":8}},"6":{"start":{"line":27,"column":6},"end":{"line":30,"column":8}},"7":{"start":{"line":35,"column":4},"end":{"line":35,"column":33}},"8":{"start":{"line":35,"column":23},"end":{"line":35,"column":33}},"9":{"start":{"line":37,"column":4},"end":{"line":54,"column":5}},"10":{"start":{"line":38,"column":23},"end":{"line":40,"column":7}},"11":{"start":{"line":42,"column":6},"end":{"line":47,"column":10}},"12":{"start":{"line":42,"column":47},"end":{"line":47,"column":7}},"13":{"start":{"line":49,"column":6},"end":{"line":52,"column":8}},"14":{"start":{"line":53,"column":6},"end":{"line":53,"column":51}},"15":{"start":{"line":59,"column":7},"end":{"line":59,"column":19}},"16":{"start":{"line":60,"column":9},"end":{"line":60,"column":21}},"17":{"start":{"line":63,"column":4},"end":{"line":80,"column":5}},"18":{"start":{"line":64,"column":23},"end":{"line":66,"column":7}},"19":{"start":{"line":67,"column":6},"end":{"line":73,"column":8}},"20":{"start":{"line":75,"column":6},"end":{"line":75,"column":80}},"21":{"start":{"line":76,"column":6},"end":{"line":79,"column":8}},"22":{"start":{"line":84,"column":4},"end":{"line":84,"column":33}},"23":{"start":{"line":84,"column":23},"end":{"line":84,"column":33}},"24":{"start":{"line":86,"column":4},"end":{"line":103,"column":5}},"25":{"start":{"line":87,"column":23},"end":{"line":89,"column":7}},"26":{"start":{"line":91,"column":6},"end":{"line":96,"column":10}},"27":{"start":{"line":91,"column":47},"end":{"line":96,"column":7}},"28":{"start":{"line":98,"column":6},"end":{"line":101,"column":8}},"29":{"start":{"line":102,"column":6},"end":{"line":102,"column":51}}},"fnMap":{"0":{"name":"(anonymous_0)","decl":{"start":{"line":10,"column":2},"end":{"line":10,"column":3}},"loc":{"start":{"line":10,"column":61},"end":{"line":32,"column":3}},"line":10},"1":{"name":"(anonymous_1)","decl":{"start":{"line":34,"column":2},"end":{"line":34,"column":3}},"loc":{"start":{"line":34,"column":39},"end":{"line":55,"column":3}},"line":34},"2":{"name":"(anonymous_2)","decl":{"start":{"line":42,"column":31},"end":{"line":42,"column":32}},"loc":{"start":{"line":42,"column":47},"end":{"line":47,"column":7}},"line":42},"3":{"name":"(anonymous_3)","decl":{"start":{"line":62,"column":2},"end":{"line":62,"column":3}},"loc":{"start":{"line":62,"column":61},"end":{"line":81,"column":3}},"line":62},"4":{"name":"(anonymous_4)","decl":{"start":{"line":83,"column":2},"end":{"line":83,"column":3}},"loc":{"start":{"line":83,"column":39},"end":{"line":104,"column":3}},"line":83},"5":{"name":"(anonymous_5)","decl":{"start":{"line":91,"column":31},"end":{"line":91,"column":32}},"loc":{"start":{"line":91,"column":47},"end":{"line":96,"column":7}},"line":91}},"branchMap":{"0":{"loc":{"start":{"line":25,"column":8},"end":{"line":25,"column":45}},"type":"binary-expr","locations":[{"start":{"line":25,"column":8},"end":{"line":25,"column":28}},{"start":{"line":25,"column":32},"end":{"line":25,"column":45}}],"line":25},"1":{"loc":{"start":{"line":28,"column":8},"end":{"line":29,"column":55}},"type":"binary-expr","locations":[{"start":{"line":28,"column":8},"end":{"line":28,"column":37}},{"start":{"line":29,"column":10},"end":{"line":29,"column":55}}],"line":28},"2":{"loc":{"start":{"line":35,"column":4},"end":{"line":35,"column":33}},"type":"if","locations":[{"start":{"line":35,"column":4},"end":{"line":35,"column":33}},{"start":{},"end":{}}],"line":35},"3":{"loc":{"start":{"line":51,"column":8},"end":{"line":51,"column":45}},"type":"binary-expr","locations":[{"start":{"line":51,"column":8},"end":{"line":51,"column":28}},{"start":{"line":51,"column":32},"end":{"line":51,"column":45}}],"line":51},"4":{"loc":{"start":{"line":75,"column":41},"end":{"line":75,"column":78}},"type":"binary-expr","locations":[{"start":{"line":75,"column":41},"end":{"line":75,"column":61}},{"start":{"line":75,"column":65},"end":{"line":75,"column":78}}],"line":75},"5":{"loc":{"start":{"line":77,"column":8},"end":{"line":78,"column":51}},"type":"binary-expr","locations":[{"start":{"line":77,"column":8},"end":{"line":77,"column":44}},{"start":{"line":78,"column":10},"end":{"line":78,"column":51}}],"line":77},"6":{"loc":{"start":{"line":84,"column":4},"end":{"line":84,"column":33}},"type":"if","locations":[{"start":{"line":84,"column":4},"end":{"line":84,"column":33}},{"start":{},"end":{}}],"line":84},"7":{"loc":{"start":{"line":100,"column":8},"end":{"line":100,"column":45}},"type":"binary-expr","locations":[{"start":{"line":100,"column":8},"end":{"line":100,"column":28}},{"start":{"line":100,"column":32},"end":{"line":100,"column":45}}],"line":100}},"s":{"0":0,"1":0,"2":0,"3":0,"4":0,"5":0,"6":0,"7":0,"8":0,"9":0,"10":0,"11":0,"12":0,"13":0,"14":0,"15":0,"16":0,"17":0,"18":0,"19":0,"20":0,"21":0,"22":0,"23":0,"24":0,"25":0,"26":0,"27":0,"28":0,"29":0},"f":{"0":0,"1":0,"2":0,"3":0,"4":0,"5":0},"b":{"0":[0,0],"1":[0,0],"2":[0,0],"3":[0,0],"4":[0,0],"5":[0,0],"6":[0,0],"7":[0,0]},"_coverageSchema":"1a1c01bbd47fc00a2c39e90264f33305004495a9","hash":"a884499c4db8b668e7d89c796f6f4eade54f36ab"}
,"/Users/gus/proyectos/mobile-apps/MayWeather/theme/colors.ts": {"path":"/Users/gus/proyectos/mobile-apps/MayWeather/theme/colors.ts","statementMap":{"0":{"start":{"line":1,"column":15},"end":{"line":30,"column":3}}},"fnMap":{},"branchMap":{},"s":{"0":2},"f":{},"b":{},"_coverageSchema":"1a1c01bbd47fc00a2c39e90264f33305004495a9","hash":"9f512d5894ec03da99b44eea8b53bb26fc4021ae"}
,"/Users/gus/proyectos/mobile-apps/MayWeather/utils/temperature.ts": {"path":"/Users/gus/proyectos/mobile-apps/MayWeather/utils/temperature.ts","statementMap":{"0":{"start":{"line":2,"column":4},"end":{"line":2,"column":84}}},"fnMap":{"0":{"name":"convertTemperature","decl":{"start":{"line":1,"column":16},"end":{"line":1,"column":34}},"loc":{"start":{"line":1,"column":76},"end":{"line":3,"column":3}},"line":1}},"branchMap":{"0":{"loc":{"start":{"line":2,"column":11},"end":{"line":2,"column":83}},"type":"cond-expr","locations":[{"start":{"line":2,"column":27},"end":{"line":2,"column":61}},{"start":{"line":2,"column":64},"end":{"line":2,"column":83}}],"line":2}},"s":{"0":2},"f":{"0":2},"b":{"0":[1,1]},"_coverageSchema":"1a1c01bbd47fc00a2c39e90264f33305004495a9","hash":"480dc73b42542516712b0481c272fe666e9fb956"}
,"/Users/gus/proyectos/mobile-apps/MayWeather/utils/test-utils.tsx": {"path":"/Users/gus/proyectos/mobile-apps/MayWeather/utils/test-utils.tsx","statementMap":{"0":{"start":{"line":8,"column":25},"end":{"line":18,"column":1}},"1":{"start":{"line":32,"column":6},"end":{"line":32,"column":13}},"2":{"start":{"line":34,"column":26},"end":{"line":40,"column":3}},"3":{"start":{"line":42,"column":19},"end":{"line":42,"column":53}},"4":{"start":{"line":44,"column":43},"end":{"line":47,"column":3}},"5":{"start":{"line":49,"column":2},"end":{"line":51,"column":3}},"6":{"start":{"line":50,"column":4},"end":{"line":50,"column":57}},"7":{"start":{"line":53,"column":2},"end":{"line":53,"column":44}},"8":{"start":{"line":59,"column":2},"end":{"line":98,"column":4}},"9":{"start":{"line":60,"column":31},"end":{"line":89,"column":5}},"10":{"start":{"line":91,"column":4},"end":{"line":97,"column":6}},"11":{"start":{"line":105,"column":2},"end":{"line":105,"column":29}},"12":{"start":{"line":107,"column":2},"end":{"line":107,"column":35}},"13":{"start":{"line":109,"column":18},"end":{"line":109,"column":33}},"14":{"start":{"line":110,"column":19},"end":{"line":113,"column":4}},"15":{"start":{"line":115,"column":2},"end":{"line":117,"column":5}},"16":{"start":{"line":116,"column":4},"end":{"line":116,"column":46}},"17":{"start":{"line":119,"column":2},"end":{"line":123,"column":4}},"18":{"start":{"line":122,"column":6},"end":{"line":122,"column":50}}},"fnMap":{"0":{"name":"setupAsyncStorage","decl":{"start":{"line":27,"column":15},"end":{"line":27,"column":32}},"loc":{"start":{"line":27,"column":68},"end":{"line":54,"column":1}},"line":27},"1":{"name":"createWrapper","decl":{"start":{"line":58,"column":9},"end":{"line":58,"column":22}},"loc":{"start":{"line":58,"column":25},"end":{"line":99,"column":1}},"line":58},"2":{"name":"Wrapper","decl":{"start":{"line":59,"column":18},"end":{"line":59,"column":25}},"loc":{"start":{"line":59,"column":71},"end":{"line":98,"column":3}},"line":59},"3":{"name":"render","decl":{"start":{"line":101,"column":15},"end":{"line":101,"column":21}},"loc":{"start":{"line":104,"column":2},"end":{"line":124,"column":1}},"line":104},"4":{"name":"(anonymous_4)","decl":{"start":{"line":115,"column":16},"end":{"line":115,"column":17}},"loc":{"start":{"line":115,"column":22},"end":{"line":117,"column":3}},"line":115},"5":{"name":"(anonymous_5)","decl":{"start":{"line":121,"column":14},"end":{"line":121,"column":15}},"loc":{"start":{"line":122,"column":6},"end":{"line":122,"column":50}},"line":122}},"branchMap":{"0":{"loc":{"start":{"line":27,"column":33},"end":{"line":27,"column":66}},"type":"default-arg","locations":[{"start":{"line":27,"column":64},"end":{"line":27,"column":66}}],"line":27},"1":{"loc":{"start":{"line":30,"column":4},"end":{"line":30,"column":23}},"type":"default-arg","locations":[{"start":{"line":30,"column":21},"end":{"line":30,"column":23}}],"line":30},"2":{"loc":{"start":{"line":31,"column":4},"end":{"line":31,"column":26}},"type":"default-arg","locations":[{"start":{"line":31,"column":22},"end":{"line":31,"column":26}}],"line":31},"3":{"loc":{"start":{"line":42,"column":19},"end":{"line":42,"column":53}},"type":"binary-expr","locations":[{"start":{"line":42,"column":19},"end":{"line":42,"column":34}},{"start":{"line":42,"column":38},"end":{"line":42,"column":53}}],"line":42},"4":{"loc":{"start":{"line":49,"column":2},"end":{"line":51,"column":3}},"type":"if","locations":[{"start":{"line":49,"column":2},"end":{"line":51,"column":3}},{"start":{},"end":{}}],"line":49},"5":{"loc":{"start":{"line":103,"column":2},"end":{"line":103,"column":35}},"type":"default-arg","locations":[{"start":{"line":103,"column":33},"end":{"line":103,"column":35}}],"line":103}},"s":{"0":4,"1":16,"2":16,"3":16,"4":16,"5":16,"6":0,"7":16,"8":16,"9":16,"10":16,"11":16,"12":16,"13":16,"14":16,"15":16,"16":16,"17":16,"18":0},"f":{"0":16,"1":16,"2":16,"3":16,"4":16,"5":0},"b":{"0":[0],"1":[16],"2":[16],"3":[16,16],"4":[0,16],"5":[16]},"_coverageSchema":"1a1c01bbd47fc00a2c39e90264f33305004495a9","hash":"542a3ec88f4eca51432df118ac9f1cf804bc497d"}
,"/Users/gus/proyectos/mobile-apps/MayWeather/utils/weatherIcons.ts": {"path":"/Users/gus/proyectos/mobile-apps/MayWeather/utils/weatherIcons.ts","statementMap":{"0":{"start":{"line":1,"column":30},"end":{"line":14,"column":1}},"1":{"start":{"line":2,"column":20},"end":{"line":2,"column":44}},"2":{"start":{"line":3,"column":2},"end":{"line":3,"column":49}},"3":{"start":{"line":3,"column":34},"end":{"line":3,"column":49}},"4":{"start":{"line":4,"column":2},"end":{"line":4,"column":48}},"5":{"start":{"line":4,"column":34},"end":{"line":4,"column":48}},"6":{"start":{"line":5,"column":2},"end":{"line":5,"column":50}},"7":{"start":{"line":5,"column":35},"end":{"line":5,"column":50}},"8":{"start":{"line":6,"column":2},"end":{"line":7,"column":26}},"9":{"start":{"line":7,"column":4},"end":{"line":7,"column":26}},"10":{"start":{"line":8,"column":2},"end":{"line":8,"column":79}},"11":{"start":{"line":8,"column":64},"end":{"line":8,"column":79}},"12":{"start":{"line":9,"column":2},"end":{"line":9,"column":78}},"13":{"start":{"line":9,"column":63},"end":{"line":9,"column":78}},"14":{"start":{"line":10,"column":2},"end":{"line":10,"column":79}},"15":{"start":{"line":10,"column":64},"end":{"line":10,"column":79}},"16":{"start":{"line":11,"column":2},"end":{"line":11,"column":52}},"17":{"start":{"line":11,"column":34},"end":{"line":11,"column":52}},"18":{"start":{"line":13,"column":2},"end":{"line":13,"column":24}}},"fnMap":{"0":{"name":"(anonymous_0)","decl":{"start":{"line":1,"column":30},"end":{"line":1,"column":31}},"loc":{"start":{"line":1,"column":54},"end":{"line":14,"column":1}},"line":1}},"branchMap":{"0":{"loc":{"start":{"line":3,"column":2},"end":{"line":3,"column":49}},"type":"if","locations":[{"start":{"line":3,"column":2},"end":{"line":3,"column":49}},{"start":{},"end":{}}],"line":3},"1":{"loc":{"start":{"line":4,"column":2},"end":{"line":4,"column":48}},"type":"if","locations":[{"start":{"line":4,"column":2},"end":{"line":4,"column":48}},{"start":{},"end":{}}],"line":4},"2":{"loc":{"start":{"line":5,"column":2},"end":{"line":5,"column":50}},"type":"if","locations":[{"start":{"line":5,"column":2},"end":{"line":5,"column":50}},{"start":{},"end":{}}],"line":5},"3":{"loc":{"start":{"line":6,"column":2},"end":{"line":7,"column":26}},"type":"if","locations":[{"start":{"line":6,"column":2},"end":{"line":7,"column":26}},{"start":{},"end":{}}],"line":6},"4":{"loc":{"start":{"line":6,"column":6},"end":{"line":6,"column":66}},"type":"binary-expr","locations":[{"start":{"line":6,"column":6},"end":{"line":6,"column":35}},{"start":{"line":6,"column":39},"end":{"line":6,"column":66}}],"line":6},"5":{"loc":{"start":{"line":8,"column":2},"end":{"line":8,"column":79}},"type":"if","locations":[{"start":{"line":8,"column":2},"end":{"line":8,"column":79}},{"start":{},"end":{}}],"line":8},"6":{"loc":{"start":{"line":8,"column":6},"end":{"line":8,"column":62}},"type":"binary-expr","locations":[{"start":{"line":8,"column":6},"end":{"line":8,"column":33}},{"start":{"line":8,"column":37},"end":{"line":8,"column":62}}],"line":8},"7":{"loc":{"start":{"line":9,"column":2},"end":{"line":9,"column":78}},"type":"if","locations":[{"start":{"line":9,"column":2},"end":{"line":9,"column":78}},{"start":{},"end":{}}],"line":9},"8":{"loc":{"start":{"line":9,"column":6},"end":{"line":9,"column":61}},"type":"binary-expr","locations":[{"start":{"line":9,"column":6},"end":{"line":9,"column":31}},{"start":{"line":9,"column":35},"end":{"line":9,"column":61}}],"line":9},"9":{"loc":{"start":{"line":10,"column":2},"end":{"line":10,"column":79}},"type":"if","locations":[{"start":{"line":10,"column":2},"end":{"line":10,"column":79}},{"start":{},"end":{}}],"line":10},"10":{"loc":{"start":{"line":10,"column":6},"end":{"line":10,"column":62}},"type":"binary-expr","locations":[{"start":{"line":10,"column":6},"end":{"line":10,"column":33}},{"start":{"line":10,"column":37},"end":{"line":10,"column":62}}],"line":10},"11":{"loc":{"start":{"line":11,"column":2},"end":{"line":11,"column":52}},"type":"if","locations":[{"start":{"line":11,"column":2},"end":{"line":11,"column":52}},{"start":{},"end":{}}],"line":11}},"s":{"0":1,"1":2,"2":2,"3":0,"4":2,"5":0,"6":2,"7":0,"8":2,"9":0,"10":2,"11":2,"12":0,"13":0,"14":0,"15":0,"16":0,"17":0,"18":0},"f":{"0":2},"b":{"0":[0,2],"1":[0,2],"2":[0,2],"3":[0,2],"4":[2,2],"5":[2,0],"6":[2,0],"7":[0,0],"8":[0,0],"9":[0,0],"10":[0,0],"11":[0,0]},"_coverageSchema":"1a1c01bbd47fc00a2c39e90264f33305004495a9","hash":"b54e08278a9f1e2c2982f5e42dcfd2d0ef614f84"}
}
