TN:
SF:components/LocationAutocomplete.tsx
FN:13,LocationAutocomplete
FNF:1
FNH:1
FNDA:9,LocationAutocomplete
DA:27,9
DA:29,9
LF:2
LH:2
BRDA:39,0,0,9
BRDA:39,0,1,1
BRDA:48,1,0,9
BRDA:48,1,1,9
BRDA:48,1,2,2
BRF:5
BRH:5
end_of_record
TN:
SF:components/SearchInput.tsx
FN:14,SearchInput
FN:28,(anonymous_1)
FNF:2
FNH:1
FNDA:9,SearchInput
FNDA:0,(anonymous_1)
DA:15,9
DA:28,0
DA:36,1
LF:3
LH:2
BRDA:27,0,0,9
BRDA:27,0,1,2
BRF:2
BRH:2
end_of_record
TN:
SF:components/SuggestionList.tsx
FN:24,SuggestionList
FN:40,(anonymous_1)
FN:44,(anonymous_2)
FN:66,(anonymous_3)
FN:71,(anonymous_4)
FNF:5
FNH:2
FNDA:1,SuggestionList
FNDA:2,(anonymous_1)
FNDA:0,(anonymous_2)
FNDA:0,(anonymous_3)
FNDA:0,(anonymous_4)
DA:31,1
DA:41,2
DA:45,0
DA:67,0
DA:72,0
DA:101,1
LF:6
LH:3
BRDA:33,0,0,1
BRDA:33,0,1,1
BRDA:35,1,0,1
BRDA:35,1,1,1
BRDA:35,1,2,1
BRDA:61,2,0,1
BRDA:61,2,1,0
BRDA:63,3,0,0
BRDA:63,3,1,0
BRDA:85,4,0,0
BRDA:85,4,1,0
BRF:11
BRH:6
end_of_record
TN:
SF:components/ThemedText.tsx
FN:10,ThemedText
FNF:1
FNH:1
FNDA:19,ThemedText
DA:17,19
DA:19,19
DA:33,3
LF:3
LH:3
BRDA:12,0,0,9
BRDA:24,1,0,19
BRDA:24,1,1,18
BRF:3
BRH:3
end_of_record
TN:
SF:components/ThemedView.tsx
FN:11,ThemedView
FNF:1
FNH:1
FNDA:30,ThemedView
DA:18,30
DA:19,30
DA:21,30
LF:3
LH:3
BRDA:15,0,0,29
BRDA:25,1,0,1
BRDA:25,1,1,29
BRDA:27,2,0,0
BRDA:27,2,1,29
BRDA:27,3,0,29
BRDA:27,3,1,1
BRDA:29,4,0,29
BRDA:29,4,1,28
BRF:9
BRH:8
end_of_record
TN:
SF:components/WeatherDetails.tsx
FN:14,WeatherDetails
FNF:1
FNH:1
FNDA:2,WeatherDetails
DA:15,2
DA:16,2
DA:18,2
DA:33,1
LF:4
LH:4
BRDA:16,0,0,0
BRDA:16,0,1,2
BRF:2
BRH:1
end_of_record
TN:
SF:components/WeatherDisplay.tsx
FN:14,WeatherDisplay
FNF:1
FNH:1
FNDA:2,WeatherDisplay
DA:15,2
DA:29,1
LF:2
LH:2
BRF:0
BRH:0
end_of_record
TN:
SF:components/WeatherHeader.tsx
FN:15,WeatherHeader
FNF:1
FNH:1
FNDA:2,WeatherHeader
DA:16,2
DA:18,2
DA:32,1
LF:3
LH:3
BRDA:26,0,0,0
BRDA:26,0,1,2
BRF:2
BRH:1
end_of_record
TN:
SF:components/WeatherTemperature.tsx
FN:10,WeatherTemperature
FNF:1
FNH:1
FNDA:2,WeatherTemperature
DA:11,2
DA:12,2
DA:13,2
DA:15,2
LF:4
LH:4
BRDA:13,0,0,1
BRDA:13,0,1,1
BRF:2
BRH:2
end_of_record
TN:
SF:config/keys.ts
FNF:0
FNH:0
DA:1,4
DA:2,4
LF:2
LH:2
BRF:0
BRH:0
end_of_record
TN:
SF:context/WeatherContext.tsx
FN:55,WeatherProvider
FN:67,(anonymous_1)
FN:68,(anonymous_2)
FN:76,(anonymous_3)
FN:89,(anonymous_4)
FN:97,(anonymous_5)
FN:103,(anonymous_6)
FN:127,(anonymous_7)
FN:129,(anonymous_8)
FN:136,(anonymous_9)
FN:144,(anonymous_10)
FN:147,(anonymous_11)
FN:159,(anonymous_12)
FN:160,(anonymous_13)
FN:164,(anonymous_14)
FN:167,(anonymous_15)
FN:173,(anonymous_16)
FN:200,useWeather
FNF:18
FNH:1
FNDA:0,WeatherProvider
FNDA:0,(anonymous_1)
FNDA:0,(anonymous_2)
FNDA:0,(anonymous_3)
FNDA:0,(anonymous_4)
FNDA:0,(anonymous_5)
FNDA:0,(anonymous_6)
FNDA:0,(anonymous_7)
FNDA:0,(anonymous_8)
FNDA:0,(anonymous_9)
FNDA:0,(anonymous_10)
FNDA:0,(anonymous_11)
FNDA:0,(anonymous_12)
FNDA:0,(anonymous_13)
FNDA:0,(anonymous_14)
FNDA:0,(anonymous_15)
FNDA:0,(anonymous_16)
FNDA:5,useWeather
DA:43,4
DA:51,4
DA:56,0
DA:67,0
DA:68,0
DA:69,0
DA:70,0
DA:76,0
DA:88,0
DA:89,0
DA:93,0
DA:96,0
DA:99,0
DA:103,0
DA:112,0
DA:120,0
DA:121,0
DA:127,0
DA:128,0
DA:129,0
DA:130,0
DA:136,0
DA:137,0
DA:142,0
DA:144,0
DA:147,0
DA:153,0
DA:159,0
DA:160,0
DA:162,0
DA:163,0
DA:164,0
DA:165,0
DA:167,0
DA:171,0
DA:173,0
DA:177,0
DA:191,0
DA:192,0
DA:195,0
DA:201,5
DA:202,5
DA:203,0
DA:205,5
LF:44
LH:5
BRDA:79,0,0,0
BRDA:79,0,1,0
BRDA:82,1,0,0
BRDA:82,1,1,0
BRDA:85,2,0,0
BRDA:85,2,1,0
BRDA:99,3,0,0
BRDA:99,3,1,0
BRDA:120,4,0,0
BRDA:120,4,1,0
BRDA:120,5,0,0
BRDA:120,5,1,0
BRDA:191,6,0,0
BRDA:191,6,1,0
BRDA:202,7,0,0
BRDA:202,7,1,5
BRF:16
BRH:1
end_of_record
TN:
SF:hooks/useLocationAutocomplete.ts
FN:6,useLocationAutocomplete
FN:17,(anonymous_1)
FN:37,(anonymous_2)
FN:41,(anonymous_3)
FN:55,(anonymous_4)
FN:59,(anonymous_5)
FN:60,(anonymous_6)
FNF:7
FNH:4
FNDA:9,useLocationAutocomplete
FNDA:5,(anonymous_1)
FNDA:5,(anonymous_2)
FNDA:0,(anonymous_3)
FNDA:1,(anonymous_4)
FNDA:0,(anonymous_5)
FNDA:0,(anonymous_6)
DA:9,9
DA:10,9
DA:11,9
DA:12,9
DA:13,9
DA:14,9
DA:16,9
DA:18,5
DA:19,5
DA:20,5
DA:23,0
DA:24,0
DA:25,0
DA:26,0
DA:28,0
DA:29,0
DA:31,0
DA:37,9
DA:38,5
DA:41,9
DA:42,0
DA:43,0
DA:44,0
DA:45,0
DA:46,0
DA:49,9
DA:56,1
DA:57,1
DA:60,0
DA:61,0
DA:62,0
LF:31
LH:16
BRDA:18,0,0,5
BRDA:18,0,1,0
BRDA:18,1,0,5
BRDA:18,1,1,1
BRDA:34,2,0,9
BRDA:34,2,1,0
BRF:6
BRH:4
end_of_record
TN:
SF:services/weatherServices.ts
FN:10,(anonymous_0)
FN:34,(anonymous_1)
FN:42,(anonymous_2)
FN:62,(anonymous_3)
FN:83,(anonymous_4)
FN:91,(anonymous_5)
FNF:6
FNH:0
FNDA:0,(anonymous_0)
FNDA:0,(anonymous_1)
FNDA:0,(anonymous_2)
FNDA:0,(anonymous_3)
FNDA:0,(anonymous_4)
FNDA:0,(anonymous_5)
DA:7,0
DA:8,0
DA:11,0
DA:12,0
DA:15,0
DA:23,0
DA:27,0
DA:35,0
DA:37,0
DA:38,0
DA:42,0
DA:49,0
DA:53,0
DA:59,0
DA:60,0
DA:63,0
DA:64,0
DA:67,0
DA:75,0
DA:76,0
DA:84,0
DA:86,0
DA:87,0
DA:91,0
DA:98,0
DA:102,0
LF:26
LH:0
BRDA:25,0,0,0
BRDA:25,0,1,0
BRDA:28,1,0,0
BRDA:28,1,1,0
BRDA:35,2,0,0
BRDA:35,2,1,0
BRDA:51,3,0,0
BRDA:51,3,1,0
BRDA:75,4,0,0
BRDA:75,4,1,0
BRDA:77,5,0,0
BRDA:77,5,1,0
BRDA:84,6,0,0
BRDA:84,6,1,0
BRDA:100,7,0,0
BRDA:100,7,1,0
BRF:16
BRH:0
end_of_record
TN:
SF:theme/colors.ts
FNF:0
FNH:0
DA:1,2
LF:1
LH:1
BRF:0
BRH:0
end_of_record
TN:
SF:utils/temperature.ts
FN:1,convertTemperature
FNF:1
FNH:1
FNDA:2,convertTemperature
DA:2,2
LF:1
LH:1
BRDA:2,0,0,1
BRDA:2,0,1,1
BRF:2
BRH:2
end_of_record
TN:
SF:utils/test-utils.tsx
FN:27,setupAsyncStorage
FN:58,createWrapper
FN:59,Wrapper
FN:101,render
FN:115,(anonymous_4)
FN:121,(anonymous_5)
FNF:6
FNH:5
FNDA:16,setupAsyncStorage
FNDA:16,createWrapper
FNDA:16,Wrapper
FNDA:16,render
FNDA:16,(anonymous_4)
FNDA:0,(anonymous_5)
DA:8,4
DA:32,16
DA:34,16
DA:42,16
DA:44,16
DA:49,16
DA:50,0
DA:53,16
DA:59,16
DA:60,16
DA:91,16
DA:105,16
DA:107,16
DA:109,16
DA:110,16
DA:115,16
DA:116,16
DA:119,16
DA:122,0
LF:19
LH:17
BRDA:27,0,0,0
BRDA:30,1,0,16
BRDA:31,2,0,16
BRDA:42,3,0,16
BRDA:42,3,1,16
BRDA:49,4,0,0
BRDA:49,4,1,16
BRDA:103,5,0,16
BRF:8
BRH:6
end_of_record
TN:
SF:utils/weatherIcons.ts
FN:1,(anonymous_0)
FNF:1
FNH:1
FNDA:2,(anonymous_0)
DA:1,1
DA:2,2
DA:3,2
DA:4,2
DA:5,2
DA:6,2
DA:7,0
DA:8,2
DA:9,0
DA:10,0
DA:11,0
DA:13,0
LF:12
LH:7
BRDA:3,0,0,0
BRDA:3,0,1,2
BRDA:4,1,0,0
BRDA:4,1,1,2
BRDA:5,2,0,0
BRDA:5,2,1,2
BRDA:6,3,0,0
BRDA:6,3,1,2
BRDA:6,4,0,2
BRDA:6,4,1,2
BRDA:8,5,0,2
BRDA:8,5,1,0
BRDA:8,6,0,2
BRDA:8,6,1,0
BRDA:9,7,0,0
BRDA:9,7,1,0
BRDA:9,8,0,0
BRDA:9,8,1,0
BRDA:10,9,0,0
BRDA:10,9,1,0
BRDA:10,10,0,0
BRDA:10,10,1,0
BRDA:11,11,0,0
BRDA:11,11,1,0
BRF:24
BRH:8
end_of_record
